Key: 1010100111101000101000101101101001011011000010101000100101011111
[2024-11-03 09:58:57.311762] CBC Mode Encryption Process
[2024-11-03 09:58:57.312761] Encryption and Decryption Process

Round 1 Encryption:
Left (L1): D918F2F1
Right (R1): AF5ABEE5
Key: 502CAC440040

Round 2 Encryption:
Left (L2): AF5ABEE5
Right (R2): 699B39E2
Key: 50ACA4408040

Round 3 Encryption:
Left (L3): 699B39E2
Right (R3): C09BBBF7
Key: D0AC26408408

Round 4 Encryption:
Left (L4): C09BBBF7
Right (R4): 190D064D
Key: E0A626081408

Round 5 Encryption:
Left (L5): 190D064D
Right (R5): DC935631
Key: E09626085020

Round 6 Encryption:
Left (L6): DC935631
Right (R6): 84DFF8FA
Key: E09272004820

Round 7 Encryption:
Left (L7): 84DFF8FA
Right (R7): B808B782
Key: A4D272800810

Round 8 Encryption:
Left (L8): B808B782
Right (R8): 76B0EC8E
Key: A65352810210

Round 9 Encryption:
Left (L9): 76B0EC8E
Right (R9): D42E889E
Key: 265353810200

Round 10 Encryption:
Left (L10): D42E889E
Right (R10): 64CF6A6B
Key: 2F5151100204

Round 11 Encryption:
Left (L11): 64CF6A6B
Right (R11): 3E4EA69B
Key: 0F41D9100084

Round 12 Encryption:
Left (L12): 3E4EA69B
Right (R12): 311CDC1A
Key: 1F4199002081

Round 13 Encryption:
Left (L13): 311CDC1A
Right (R13): 0117CFC2
Key: 1F0989222001

Round 14 Encryption:
Left (L14): 0117CFC2
Right (R14): 2D1055BA
Key: 1B288D220102

Round 15 Encryption:
Left (L15): 2D1055BA
Right (R15): DA8B54AC
Key: 192C8C040102

Round 16 Encryption:
Left (L16): DA8B54AC
Right (R16): 3406225D
Key: 512C8C040140

Cipher Text (Binary): 00010011 00101000 11100111 01010111 10010010 10011001 00010010 00000100
[2024-11-03 09:58:57.320335] Encryption and Decryption Process

Round 1 Encryption:
Left (L1): F378A0FB
Right (R1): 34F94816
Key: 502CAC440040

Round 2 Encryption:
Left (L2): 34F94816
Right (R2): 3BB6F30B
Key: 50ACA4408040

Round 3 Encryption:
Left (L3): 3BB6F30B
Right (R3): 7A177BA4
Key: D0AC26408408

Round 4 Encryption:
Left (L4): 7A177BA4
Right (R4): 45BE9FB2
Key: E0A626081408

Round 5 Encryption:
Left (L5): 45BE9FB2
Right (R5): 14E0B9CB
Key: E09626085020

Round 6 Encryption:
Left (L6): 14E0B9CB
Right (R6): 784A8211
Key: E09272004820

Round 7 Encryption:
Left (L7): 784A8211
Right (R7): 0532AAC5
Key: A4D272800810

Round 8 Encryption:
Left (L8): 0532AAC5
Right (R8): 2CCB704D
Key: A65352810210

Round 9 Encryption:
Left (L9): 2CCB704D
Right (R9): 4FC5912E
Key: 265353810200

Round 10 Encryption:
Left (L10): 4FC5912E
Right (R10): C40EB728
Key: 2F5151100204

Round 11 Encryption:
Left (L11): C40EB728
Right (R11): ABEB365F
Key: 0F41D9100084

Round 12 Encryption:
Left (L12): ABEB365F
Right (R12): 54563C86
Key: 1F4199002081

Round 13 Encryption:
Left (L13): 54563C86
Right (R13): 2E7CEF68
Key: 1F0989222001

Round 14 Encryption:
Left (L14): 2E7CEF68
Right (R14): ED3BC873
Key: 1B288D220102

Round 15 Encryption:
Left (L15): ED3BC873
Right (R15): 6612CFC0
Key: 192C8C040102

Round 16 Encryption:
Left (L16): 6612CFC0
Right (R16): 9AF54B34
Key: 512C8C040140

Cipher Text (Binary): 01101101 10011100 00100011 10001101 10110010 01100011 01101001 10100000
[2024-11-03 09:58:57.322343] Encryption and Decryption Process

Round 1 Encryption:
Left (L1): 60120A6D
Right (R1): 9AF64A35
Key: 502CAC440040

Round 2 Encryption:
Left (L2): 9AF64A35
Right (R2): CF6C3C79
Key: 50ACA4408040

Round 3 Encryption:
Left (L3): CF6C3C79
Right (R3): D5C66ADE
Key: D0AC26408408

Round 4 Encryption:
Left (L4): D5C66ADE
Right (R4): 4485562E
Key: E0A626081408

Round 5 Encryption:
Left (L5): 4485562E
Right (R5): 463D9040
Key: E09626085020

Round 6 Encryption:
Left (L6): 463D9040
Right (R6): 6373C8DD
Key: E09272004820

Round 7 Encryption:
Left (L7): 6373C8DD
Right (R7): 177536D8
Key: A4D272800810

Round 8 Encryption:
Left (L8): 177536D8
Right (R8): D399E4B7
Key: A65352810210

Round 9 Encryption:
Left (L9): D399E4B7
Right (R9): 9832FC5C
Key: 265353810200

Round 10 Encryption:
Left (L10): 9832FC5C
Right (R10): F37ABC75
Key: 2F5151100204

Round 11 Encryption:
Left (L11): F37ABC75
Right (R11): 1423D33B
Key: 0F41D9100084

Round 12 Encryption:
Left (L12): 1423D33B
Right (R12): 74AD4E8A
Key: 1F4199002081

Round 13 Encryption:
Left (L13): 74AD4E8A
Right (R13): 66A9145B
Key: 1F0989222001

Round 14 Encryption:
Left (L14): 66A9145B
Right (R14): 13404FDD
Key: 1B288D220102

Round 15 Encryption:
Left (L15): 13404FDD
Right (R15): 3B3FBEF6
Key: 192C8C040102

Round 16 Encryption:
Left (L16): 3B3FBEF6
Right (R16): 67471BCC
Key: 512C8C040140

Cipher Text (Binary): 11101001 10111100 10110111 01011011 01011000 11000000 10100110 01000010
[2024-11-03 09:58:57.324340] Cipher text sent: 1328E757929912046D9C238DB26369A0E9BCB75B58C0A642
[2024-11-03 10:00:37.957635] Cipher text received: stop
