Key: 0001011101110100110100000101101101001010001010111010100111011011
[2024-11-03 10:23:50.857580] CBC Mode Encryption Process
[2024-11-03 10:23:50.858880] Encryption and Decryption Process

Round 1 Encryption:
Left (L1): E958C2A1
Right (R1): AF5A0ED5
Key: 502CAC440040

Round 2 Encryption:
Left (L2): AF5A0ED5
Right (R2): 62AB25F2
Key: 50ACA4408040

Round 3 Encryption:
Left (L3): 62AB25F2
Right (R3): 7E66AEEE
Key: D0AC26408408

Round 4 Encryption:
Left (L4): 7E66AEEE
Right (R4): B0A80C6E
Key: E0A626081408

Round 5 Encryption:
Left (L5): B0A80C6E
Right (R5): 1FADFC19
Key: E09626085020

Round 6 Encryption:
Left (L6): 1FADFC19
Right (R6): C8EC857C
Key: E09272004820

Round 7 Encryption:
Left (L7): C8EC857C
Right (R7): 8E247B0A
Key: A4D272800810

Round 8 Encryption:
Left (L8): 8E247B0A
Right (R8): F3918F4B
Key: A65352810210

Round 9 Encryption:
Left (L9): F3918F4B
Right (R9): 36B13C48
Key: 265353810200

Round 10 Encryption:
Left (L10): 36B13C48
Right (R10): 3CA78E1C
Key: 2F5151100204

Round 11 Encryption:
Left (L11): 3CA78E1C
Right (R11): F4714627
Key: 0F41D9100084

Round 12 Encryption:
Left (L12): F4714627
Right (R12): 98D15081
Key: 1F4199002081

Round 13 Encryption:
Left (L13): 98D15081
Right (R13): 55877630
Key: 1F0989222001

Round 14 Encryption:
Left (L14): 55877630
Right (R14): 2D4A8406
Key: 1B288D220102

Round 15 Encryption:
Left (L15): 2D4A8406
Right (R15): B46AF872
Key: 192C8C040102

Round 16 Encryption:
Left (L16): B46AF872
Right (R16): CC69EF2C
Key: 512C8C040140

Cipher Text (Binary): 00111100 01011000 11001010 10101110 00000101 01101011 11111000 10011000
[2024-11-03 10:23:50.866293] Encryption and Decryption Process

Round 1 Encryption:
Left (L1): DBD7190D
Right (R1): CC96FFA8
Key: 502CAC440040

Round 2 Encryption:
Left (L2): CC96FFA8
Right (R2): 474AECE7
Key: 50ACA4408040

Round 3 Encryption:
Left (L3): 474AECE7
Right (R3): 69BA76E7
Key: D0AC26408408

Round 4 Encryption:
Left (L4): 69BA76E7
Right (R4): 22AAEDD4
Key: E0A626081408

Round 5 Encryption:
Left (L5): 22AAEDD4
Right (R5): 2B95CA59
Key: E09626085020

Round 6 Encryption:
Left (L6): 2B95CA59
Right (R6): 6C87E6DB
Key: E09272004820

Round 7 Encryption:
Left (L7): 6C87E6DB
Right (R7): 237E2F71
Key: A4D272800810

Round 8 Encryption:
Left (L8): 237E2F71
Right (R8): 3B7147B8
Key: A65352810210

Round 9 Encryption:
Left (L9): 3B7147B8
Right (R9): 93A83496
Key: 265353810200

Round 10 Encryption:
Left (L10): 93A83496
Right (R10): 16508373
Key: 2F5151100204

Round 11 Encryption:
Left (L11): 16508373
Right (R11): 69DA8D4B
Key: 0F41D9100084

Round 12 Encryption:
Left (L12): 69DA8D4B
Right (R12): BFA5F8FD
Key: 1F4199002081

Round 13 Encryption:
Left (L13): BFA5F8FD
Right (R13): 1D3807C0
Key: 1F0989222001

Round 14 Encryption:
Left (L14): 1D3807C0
Right (R14): CB080137
Key: 1B288D220102

Round 15 Encryption:
Left (L15): CB080137
Right (R15): 61CDD71E
Key: 192C8C040102

Round 16 Encryption:
Left (L16): 61CDD71E
Right (R16): C3A5B364
Key: 512C8C040140

Cipher Text (Binary): 10101000 11011000 00110110 01010000 00001001 00101110 11010010 11101100
[2024-11-03 10:23:50.868899] Encryption and Decryption Process

Round 1 Encryption:
Left (L1): 355CE4A9
Right (R1): C35A7636
Key: 502CAC440040

Round 2 Encryption:
Left (L2): C35A7636
Right (R2): AF81E363
Key: 50ACA4408040

Round 3 Encryption:
Left (L3): AF81E363
Right (R3): FB9EA0B5
Key: D0AC26408408

Round 4 Encryption:
Left (L4): FB9EA0B5
Right (R4): EBFCCD3E
Key: E0A626081408

Round 5 Encryption:
Left (L5): EBFCCD3E
Right (R5): 0026CCF4
Key: E09626085020

Round 6 Encryption:
Left (L6): 0026CCF4
Right (R6): 08F6AF00
Key: E09272004820

Round 7 Encryption:
Left (L7): 08F6AF00
Right (R7): A199E708
Key: A4D272800810

Round 8 Encryption:
Left (L8): A199E708
Right (R8): 9BE234D5
Key: A65352810210

Round 9 Encryption:
Left (L9): 9BE234D5
Right (R9): 4028BFB3
Key: 265353810200

Round 10 Encryption:
Left (L10): 4028BFB3
Right (R10): 6A4BAA93
Key: 2F5151100204

Round 11 Encryption:
Left (L11): 6A4BAA93
Right (R11): DCE7D22E
Key: 0F41D9100084

Round 12 Encryption:
Left (L12): DCE7D22E
Right (R12): FD771F1D
Key: 1F4199002081

Round 13 Encryption:
Left (L13): FD771F1D
Right (R13): 4D95FD7C
Key: 1F0989222001

Round 14 Encryption:
Left (L14): 4D95FD7C
Right (R14): 8E8C4205
Key: 1B288D220102

Round 15 Encryption:
Left (L15): 8E8C4205
Right (R15): 11765AF0
Key: 192C8C040102

Round 16 Encryption:
Left (L16): 11765AF0
Right (R16): 874EAED2
Key: 512C8C040140

Cipher Text (Binary): 11000100 10101111 11111101 01101100 01000010 01001100 00110011 10011110
[2024-11-03 10:23:50.871906] Encryption and Decryption Process

Round 1 Encryption:
Left (L1): E3C6AF1A
Right (R1): 87B1A658
Key: 502CAC440040

Round 2 Encryption:
Left (L2): 87B1A658
Right (R2): 6E282630
Key: 50ACA4408040

Round 3 Encryption:
Left (L3): 6E282630
Right (R3): 314BEAEE
Key: D0AC26408408

Round 4 Encryption:
Left (L4): 314BEAEE
Right (R4): AC838FF0
Key: E0A626081408

Round 5 Encryption:
Left (L5): AC838FF0
Right (R5): 803ECE49
Key: E09626085020

Round 6 Encryption:
Left (L6): 803ECE49
Right (R6): C1DBCD80
Key: E09272004820

Round 7 Encryption:
Left (L7): C1DBCD80
Right (R7): 57740A89
Key: A4D272800810

Round 8 Encryption:
Left (L8): 57740A89
Right (R8): F2517F4B
Key: A65352810210

Round 9 Encryption:
Left (L9): F2517F4B
Right (R9): BB847DCB
Key: 265353810200

Round 10 Encryption:
Left (L10): BB847DCB
Right (R10): 99171716
Key: 2F5151100204

Round 11 Encryption:
Left (L11): 99171716
Right (R11): D8E48939
Key: 0F41D9100084

Round 12 Encryption:
Left (L12): D8E48939
Right (R12): 2E033489
Key: 1F4199002081

Round 13 Encryption:
Left (L13): 2E033489
Right (R13): 3BEDA4D7
Key: 1F0989222001

Round 14 Encryption:
Left (L14): 3BEDA4D7
Right (R14): 6243D9B4
Key: 1B288D220102

Round 15 Encryption:
Left (L15): 6243D9B4
Right (R15): 54381360
Key: 192C8C040102

Round 16 Encryption:
Left (L16): 54381360
Right (R16): 03D0BA7B
Key: 512C8C040140

Cipher Text (Binary): 11010110 10001111 01010001 01011111 01111010 01011010 01100110 01111001
[2024-11-03 10:23:50.873905] Encryption and Decryption Process

Round 1 Encryption:
Left (L1): 82A54FB5
Right (R1): 03AFEF77
Key: 502CAC440040

Round 2 Encryption:
Left (L2): 03AFEF77
Right (R2): B4137A27
Key: 50ACA4408040

Round 3 Encryption:
Left (L3): B4137A27
Right (R3): F587DA80
Key: D0AC26408408

Round 4 Encryption:
Left (L4): F587DA80
Right (R4): AD4DB9F3
Key: E0A626081408

Round 5 Encryption:
Left (L5): AD4DB9F3
Right (R5): FD5E16A3
Key: E09626085020

Round 6 Encryption:
Left (L6): FD5E16A3
Right (R6): EB6E2006
Key: E09272004820

Round 7 Encryption:
Left (L7): EB6E2006
Right (R7): 67FB46F3
Key: A4D272800810

Round 8 Encryption:
Left (L8): 67FB46F3
Right (R8): D32BDFE4
Key: A65352810210

Round 9 Encryption:
Left (L9): D32BDFE4
Right (R9): D60301A1
Key: 265353810200

Round 10 Encryption:
Left (L10): D60301A1
Right (R10): 99E0B553
Key: 2F5151100204

Round 11 Encryption:
Left (L11): 99E0B553
Right (R11): 221F0AB7
Key: 0F41D9100084

Round 12 Encryption:
Left (L12): 221F0AB7
Right (R12): 86A4C66A
Key: 1F4199002081

Round 13 Encryption:
Left (L13): 86A4C66A
Right (R13): 979805B4
Key: 1F0989222001

Round 14 Encryption:
Left (L14): 979805B4
Right (R14): BA213EBB
Key: 1B288D220102

Round 15 Encryption:
Left (L15): BA213EBB
Right (R15): 78F4A8A6
Key: 192C8C040102

Round 16 Encryption:
Left (L16): 78F4A8A6
Right (R16): 9C89B037
Key: 512C8C040140

Cipher Text (Binary): 01100110 00000111 10010010 10110000 10011011 00011010 00010101 11111101
[2024-11-03 10:23:50.875905] Cipher text sent: 3C58CAAE056BF898A8D83650092ED2ECC4AFFD6C424C339ED68F515F7A5A6679660792B09B1A15FD
[2024-11-03 10:30:30.278404] Cipher text received: stop
